c:\exproject_2022\c_1\myproject\myproject\x64\debug\vc143.pdb
c:\exproject_2022\c_1\myproject\myproject\x64\debug\vc143.idb
c:\exproject_2022\c_1\myproject\myproject\x64\debug\printfscanf.obj
c:\exproject_2022\c_1\myproject\myproject\x64\debug\myproject.ilk
c:\exproject_2022\c_1\myproject\x64\debug\myproject.exe
c:\exproject_2022\c_1\myproject\x64\debug\myproject.pdb
c:\exproject_2022\c_1\myproject\myproject\x64\debug\helloworld.obj
c:\exproject_2022\c_1\myproject\myproject\x64\debug\myproject.tlog\cl.command.1.tlog
c:\exproject_2022\c_1\myproject\myproject\x64\debug\myproject.tlog\cl.read.1.tlog
c:\exproject_2022\c_1\myproject\myproject\x64\debug\myproject.tlog\cl.write.1.tlog
c:\exproject_2022\c_1\myproject\myproject\x64\debug\myproject.tlog\link-cvtres.read.1.tlog
c:\exproject_2022\c_1\myproject\myproject\x64\debug\myproject.tlog\link-cvtres.write.1.tlog
c:\exproject_2022\c_1\myproject\myproject\x64\debug\myproject.tlog\link-rc.read.1.tlog
c:\exproject_2022\c_1\myproject\myproject\x64\debug\myproject.tlog\link-rc.write.1.tlog
c:\exproject_2022\c_1\myproject\myproject\x64\debug\myproject.tlog\link.2076-cvtres.read.1.tlog
c:\exproject_2022\c_1\myproject\myproject\x64\debug\myproject.tlog\link.2076-cvtres.write.1.tlog
c:\exproject_2022\c_1\myproject\myproject\x64\debug\myproject.tlog\link.2076-rc.read.1.tlog
c:\exproject_2022\c_1\myproject\myproject\x64\debug\myproject.tlog\link.2076-rc.write.1.tlog
c:\exproject_2022\c_1\myproject\myproject\x64\debug\myproject.tlog\link.2076.read.1.tlog
c:\exproject_2022\c_1\myproject\myproject\x64\debug\myproject.tlog\link.2076.read.2.tlog
c:\exproject_2022\c_1\myproject\myproject\x64\debug\myproject.tlog\link.2076.write.1.tlog
c:\exproject_2022\c_1\myproject\myproject\x64\debug\myproject.tlog\link.command.1.tlog
c:\exproject_2022\c_1\myproject\myproject\x64\debug\myproject.tlog\link.read.1.tlog
c:\exproject_2022\c_1\myproject\myproject\x64\debug\myproject.tlog\link.read.2.tlog
c:\exproject_2022\c_1\myproject\myproject\x64\debug\myproject.tlog\link.write.1.tlog
